<?xml version="1.0" encoding="UTF-8"?>
<coverage generated="1653829548615" clover="3.2.0">
  <project timestamp="1653829548616" name="All files">
    <metrics statements="42" coveredstatements="42" conditionals="20" coveredconditionals="20" methods="24" coveredmethods="24" elements="86" coveredelements="86" complexity="0" loc="42" ncloc="42" packages="1" files="1" classes="1"/>
    <file name="minesweeper.js" path="D:\Ma carrière\JavaScript_Simplified_Advanced_Course_2021-3-20.part1_Downloadly.ir\JavaScript Simplified - Advanced Course 2021-3-20\myCodeAlongs\minesweeper.js">
      <metrics statements="42" coveredstatements="42" conditionals="20" coveredconditionals="20" methods="24" coveredmethods="24"/>
      <line num="2" count="1" type="stmt"/>
      <line num="10" count="1" type="stmt"/>
      <line num="11" count="2" type="stmt"/>
      <line num="12" count="4" type="stmt"/>
      <line num="23" count="2" type="stmt"/>
      <line num="24" count="4" type="stmt"/>
      <line num="25" count="8" type="stmt"/>
      <line num="31" count="4" type="stmt"/>
      <line num="32" count="4" type="cond" truecount="2" falsecount="0"/>
      <line num="36" count="2" type="stmt"/>
      <line num="39" count="2" type="cond" truecount="2" falsecount="0"/>
      <line num="40" count="1" type="stmt"/>
      <line num="46" count="1" type="stmt"/>
      <line num="55" count="27" type="stmt"/>
      <line num="56" count="27" type="cond" truecount="2" falsecount="0"/>
      <line num="57" count="18" type="stmt"/>
      <line num="60" count="9" type="cond" truecount="2" falsecount="0"/>
      <line num="61" count="1" type="stmt"/>
      <line num="68" count="8" type="stmt"/>
      <line num="69" count="45" type="stmt"/>
      <line num="70" count="8" type="stmt"/>
      <line num="75" count="8" type="cond" truecount="2" falsecount="0"/>
      <line num="76" count="5" type="stmt"/>
      <line num="77" count="24" type="stmt"/>
      <line num="80" count="3" type="stmt"/>
      <line num="84" count="2" type="stmt"/>
      <line num="85" count="3" type="stmt"/>
      <line num="86" count="6" type="stmt"/>
      <line num="97" count="1" type="stmt"/>
      <line num="98" count="1" type="stmt"/>
      <line num="99" count="1" type="stmt"/>
      <line num="105" count="88" type="cond" truecount="2" falsecount="0"/>
      <line num="109" count="8" type="stmt"/>
      <line num="111" count="8" type="stmt"/>
      <line num="113" count="24" type="stmt"/>
      <line num="114" count="72" type="stmt"/>
      <line num="117" count="72" type="stmt"/>
      <line num="121" count="11" type="stmt"/>
      <line num="122" count="30" type="stmt"/>
      <line num="123" count="84" type="cond" truecount="2" falsecount="0"/>
      <line num="124" count="11" type="stmt"/>
      <line num="126" count="73" type="stmt"/>
    </file>
  </project>
</coverage>
