{"D:\\Ma carrière\\JavaScript_Simplified_Advanced_Course_2021-3-20.part1_Downloadly.ir\\JavaScript Simplified - Advanced Course 2021-3-20\\myCodeAlongs\\minesweeper.js": {"path":"D:\\Ma carrière\\JavaScript_Simplified_Advanced_Course_2021-3-20.part1_Downloadly.ir\\JavaScript Simplified - Advanced Course 2021-3-20\\myCodeAlongs\\minesweeper.js","statementMap":{"0":{"start":{"line":3,"column":29},"end":{"line":8,"column":1}},"1":{"start":{"line":11,"column":2},"end":{"line":20,"column":16}},"2":{"start":{"line":12,"column":4},"end":{"line":19,"column":18}},"3":{"start":{"line":13,"column":6},"end":{"line":18,"column":8}},"4":{"start":{"line":24,"column":2},"end":{"line":28,"column":8}},"5":{"start":{"line":25,"column":4},"end":{"line":27,"column":6}},"6":{"start":{"line":26,"column":35},"end":{"line":26,"column":71}},"7":{"start":{"line":32,"column":15},"end":{"line":32,"column":26}},"8":{"start":{"line":33,"column":2},"end":{"line":38,"column":3}},"9":{"start":{"line":37,"column":4},"end":{"line":37,"column":17}},"10":{"start":{"line":40,"column":2},"end":{"line":52,"column":3}},"11":{"start":{"line":41,"column":4},"end":{"line":45,"column":6}},"12":{"start":{"line":47,"column":4},"end":{"line":51,"column":6}},"13":{"start":{"line":56,"column":2},"end":{"line":63,"column":5}},"14":{"start":{"line":57,"column":4},"end":{"line":62,"column":7}},"15":{"start":{"line":58,"column":6},"end":{"line":60,"column":7}},"16":{"start":{"line":59,"column":8},"end":{"line":59,"column":23}},"17":{"start":{"line":61,"column":6},"end":{"line":61,"column":18}},"18":{"start":{"line":67,"column":15},"end":{"line":67,"column":26}},"19":{"start":{"line":68,"column":2},"end":{"line":70,"column":3}},"20":{"start":{"line":69,"column":4},"end":{"line":69,"column":17}},"21":{"start":{"line":72,"column":2},"end":{"line":78,"column":3}},"22":{"start":{"line":73,"column":4},"end":{"line":77,"column":6}},"23":{"start":{"line":80,"column":24},"end":{"line":80,"column":48}},"24":{"start":{"line":81,"column":16},"end":{"line":81,"column":51}},"25":{"start":{"line":81,"column":44},"end":{"line":81,"column":50}},"26":{"start":{"line":82,"column":19},"end":{"line":86,"column":3}},"27":{"start":{"line":87,"column":2},"end":{"line":91,"column":3}},"28":{"start":{"line":88,"column":4},"end":{"line":90,"column":17}},"29":{"start":{"line":89,"column":6},"end":{"line":89,"column":30}},"30":{"start":{"line":92,"column":2},"end":{"line":92,"column":18}},"31":{"start":{"line":96,"column":2},"end":{"line":105,"column":5}},"32":{"start":{"line":97,"column":4},"end":{"line":104,"column":7}},"33":{"start":{"line":98,"column":6},"end":{"line":103,"column":8}},"34":{"start":{"line":109,"column":2},"end":{"line":113,"column":5}},"35":{"start":{"line":110,"column":4},"end":{"line":112,"column":7}},"36":{"start":{"line":111,"column":6},"end":{"line":111,"column":48}},"37":{"start":{"line":117,"column":2},"end":{"line":117,"column":36}},"38":{"start":{"line":121,"column":18},"end":{"line":121,"column":30}},"39":{"start":{"line":123,"column":2},"end":{"line":129,"column":36}},"40":{"start":{"line":125,"column":6},"end":{"line":127,"column":9}},"41":{"start":{"line":126,"column":8},"end":{"line":126,"column":49}},"42":{"start":{"line":129,"column":22},"end":{"line":129,"column":34}}},"fnMap":{"0":{"name":"createBoard","decl":{"start":{"line":10,"column":16},"end":{"line":10,"column":27}},"loc":{"start":{"line":10,"column":54},"end":{"line":21,"column":1}},"line":10},"1":{"name":"(anonymous_1)","decl":{"start":{"line":11,"column":15},"end":{"line":11,"column":16}},"loc":{"start":{"line":11,"column":22},"end":{"line":20,"column":3}},"line":11},"2":{"name":"(anonymous_2)","decl":{"start":{"line":12,"column":17},"end":{"line":12,"column":18}},"loc":{"start":{"line":12,"column":24},"end":{"line":19,"column":5}},"line":12},"3":{"name":"markedTilesCount","decl":{"start":{"line":23,"column":16},"end":{"line":23,"column":32}},"loc":{"start":{"line":23,"column":40},"end":{"line":29,"column":1}},"line":23},"4":{"name":"(anonymous_4)","decl":{"start":{"line":24,"column":22},"end":{"line":24,"column":23}},"loc":{"start":{"line":24,"column":38},"end":{"line":28,"column":3}},"line":24},"5":{"name":"(anonymous_5)","decl":{"start":{"line":26,"column":25},"end":{"line":26,"column":26}},"loc":{"start":{"line":26,"column":35},"end":{"line":26,"column":71}},"line":26},"6":{"name":"markTile","decl":{"start":{"line":31,"column":16},"end":{"line":31,"column":24}},"loc":{"start":{"line":31,"column":42},"end":{"line":53,"column":1}},"line":31},"7":{"name":"replaceTile","decl":{"start":{"line":55,"column":9},"end":{"line":55,"column":20}},"loc":{"start":{"line":55,"column":47},"end":{"line":64,"column":1}},"line":55},"8":{"name":"(anonymous_8)","decl":{"start":{"line":56,"column":19},"end":{"line":56,"column":20}},"loc":{"start":{"line":56,"column":31},"end":{"line":63,"column":3}},"line":56},"9":{"name":"(anonymous_9)","decl":{"start":{"line":57,"column":19},"end":{"line":57,"column":20}},"loc":{"start":{"line":57,"column":32},"end":{"line":62,"column":5}},"line":57},"10":{"name":"revealTile","decl":{"start":{"line":66,"column":16},"end":{"line":66,"column":26}},"loc":{"start":{"line":66,"column":44},"end":{"line":93,"column":1}},"line":66},"11":{"name":"(anonymous_11)","decl":{"start":{"line":81,"column":37},"end":{"line":81,"column":38}},"loc":{"start":{"line":81,"column":44},"end":{"line":81,"column":50}},"line":81},"12":{"name":"(anonymous_12)","decl":{"start":{"line":88,"column":32},"end":{"line":88,"column":33}},"loc":{"start":{"line":88,"column":42},"end":{"line":90,"column":5}},"line":88},"13":{"name":"checkWin","decl":{"start":{"line":95,"column":16},"end":{"line":95,"column":24}},"loc":{"start":{"line":95,"column":32},"end":{"line":106,"column":1}},"line":95},"14":{"name":"(anonymous_14)","decl":{"start":{"line":96,"column":21},"end":{"line":96,"column":22}},"loc":{"start":{"line":96,"column":30},"end":{"line":105,"column":3}},"line":96},"15":{"name":"(anonymous_15)","decl":{"start":{"line":97,"column":21},"end":{"line":97,"column":22}},"loc":{"start":{"line":97,"column":31},"end":{"line":104,"column":5}},"line":97},"16":{"name":"checkLose","decl":{"start":{"line":108,"column":16},"end":{"line":108,"column":25}},"loc":{"start":{"line":108,"column":33},"end":{"line":114,"column":1}},"line":108},"17":{"name":"(anonymous_17)","decl":{"start":{"line":109,"column":20},"end":{"line":109,"column":21}},"loc":{"start":{"line":109,"column":29},"end":{"line":113,"column":3}},"line":109},"18":{"name":"(anonymous_18)","decl":{"start":{"line":110,"column":20},"end":{"line":110,"column":21}},"loc":{"start":{"line":110,"column":30},"end":{"line":112,"column":5}},"line":110},"19":{"name":"positionMatch","decl":{"start":{"line":116,"column":16},"end":{"line":116,"column":29}},"loc":{"start":{"line":116,"column":36},"end":{"line":118,"column":1}},"line":116},"20":{"name":"nearbyTiles","decl":{"start":{"line":120,"column":9},"end":{"line":120,"column":20}},"loc":{"start":{"line":120,"column":38},"end":{"line":130,"column":1}},"line":120},"21":{"name":"(anonymous_21)","decl":{"start":{"line":124,"column":13},"end":{"line":124,"column":14}},"loc":{"start":{"line":124,"column":26},"end":{"line":128,"column":5}},"line":124},"22":{"name":"(anonymous_22)","decl":{"start":{"line":125,"column":25},"end":{"line":125,"column":26}},"loc":{"start":{"line":125,"column":38},"end":{"line":127,"column":7}},"line":125},"23":{"name":"(anonymous_23)","decl":{"start":{"line":129,"column":12},"end":{"line":129,"column":13}},"loc":{"start":{"line":129,"column":22},"end":{"line":129,"column":34}},"line":129}},"branchMap":{"0":{"loc":{"start":{"line":33,"column":2},"end":{"line":38,"column":3}},"type":"if","locations":[{"start":{"line":33,"column":2},"end":{"line":38,"column":3}},{"start":{},"end":{}}],"line":33},"1":{"loc":{"start":{"line":34,"column":4},"end":{"line":35,"column":40}},"type":"binary-expr","locations":[{"start":{"line":34,"column":4},"end":{"line":34,"column":40}},{"start":{"line":35,"column":4},"end":{"line":35,"column":40}}],"line":34},"2":{"loc":{"start":{"line":40,"column":2},"end":{"line":52,"column":3}},"type":"if","locations":[{"start":{"line":40,"column":2},"end":{"line":52,"column":3}},{"start":{"line":46,"column":9},"end":{"line":52,"column":3}}],"line":40},"3":{"loc":{"start":{"line":58,"column":6},"end":{"line":60,"column":7}},"type":"if","locations":[{"start":{"line":58,"column":6},"end":{"line":60,"column":7}},{"start":{},"end":{}}],"line":58},"4":{"loc":{"start":{"line":68,"column":2},"end":{"line":70,"column":3}},"type":"if","locations":[{"start":{"line":68,"column":2},"end":{"line":70,"column":3}},{"start":{},"end":{}}],"line":68},"5":{"loc":{"start":{"line":72,"column":2},"end":{"line":78,"column":3}},"type":"if","locations":[{"start":{"line":72,"column":2},"end":{"line":78,"column":3}},{"start":{},"end":{}}],"line":72},"6":{"loc":{"start":{"line":87,"column":2},"end":{"line":91,"column":3}},"type":"if","locations":[{"start":{"line":87,"column":2},"end":{"line":91,"column":3}},{"start":{},"end":{}}],"line":87},"7":{"loc":{"start":{"line":99,"column":8},"end":{"line":102,"column":50}},"type":"binary-expr","locations":[{"start":{"line":99,"column":8},"end":{"line":99,"column":44}},{"start":{"line":100,"column":9},"end":{"line":100,"column":18}},{"start":{"line":101,"column":11},"end":{"line":101,"column":47}},{"start":{"line":102,"column":12},"end":{"line":102,"column":48}}],"line":99},"8":{"loc":{"start":{"line":117,"column":9},"end":{"line":117,"column":35}},"type":"binary-expr","locations":[{"start":{"line":117,"column":9},"end":{"line":117,"column":20}},{"start":{"line":117,"column":24},"end":{"line":117,"column":35}}],"line":117}},"s":{"0":1,"1":1,"2":5,"3":25,"4":0,"5":0,"6":0,"7":0,"8":0,"9":0,"10":0,"11":0,"12":0,"13":0,"14":0,"15":0,"16":0,"17":0,"18":0,"19":0,"20":0,"21":0,"22":0,"23":0,"24":0,"25":0,"26":0,"27":0,"28":0,"29":0,"30":0,"31":0,"32":0,"33":0,"34":0,"35":0,"36":0,"37":72,"38":0,"39":0,"40":0,"41":0,"42":0},"f":{"0":1,"1":5,"2":25,"3":0,"4":0,"5":0,"6":0,"7":0,"8":0,"9":0,"10":0,"11":0,"12":0,"13":0,"14":0,"15":0,"16":0,"17":0,"18":0,"19":72,"20":0,"21":0,"22":0,"23":0},"b":{"0":[0,0],"1":[0,0],"2":[0,0],"3":[0,0],"4":[0,0],"5":[0,0],"6":[0,0],"7":[0,0,0,0],"8":[72,15]},"_coverageSchema":"1a1c01bbd47fc00a2c39e90264f33305004495a9","hash":"c9f6e23f0388d11d461beef070f577deb49891f0"}
}
