{"D:\\Ma carrière\\JavaScript_Simplified_Advanced_Course_2021-3-20.part1_Downloadly.ir\\JavaScript Simplified - Advanced Course 2021-3-20\\myCodeAlongs\\minesweeper.js": {"path":"D:\\Ma carrière\\JavaScript_Simplified_Advanced_Course_2021-3-20.part1_Downloadly.ir\\JavaScript Simplified - Advanced Course 2021-3-20\\myCodeAlongs\\minesweeper.js","statementMap":{"0":{"start":{"line":2,"column":29},"end":{"line":7,"column":1}},"1":{"start":{"line":10,"column":2},"end":{"line":19,"column":16}},"2":{"start":{"line":11,"column":4},"end":{"line":18,"column":18}},"3":{"start":{"line":12,"column":6},"end":{"line":17,"column":8}},"4":{"start":{"line":23,"column":2},"end":{"line":27,"column":8}},"5":{"start":{"line":24,"column":4},"end":{"line":26,"column":6}},"6":{"start":{"line":25,"column":35},"end":{"line":25,"column":71}},"7":{"start":{"line":31,"column":15},"end":{"line":31,"column":26}},"8":{"start":{"line":32,"column":2},"end":{"line":37,"column":3}},"9":{"start":{"line":36,"column":4},"end":{"line":36,"column":17}},"10":{"start":{"line":39,"column":2},"end":{"line":51,"column":3}},"11":{"start":{"line":40,"column":4},"end":{"line":44,"column":6}},"12":{"start":{"line":46,"column":4},"end":{"line":50,"column":6}},"13":{"start":{"line":55,"column":15},"end":{"line":55,"column":26}},"14":{"start":{"line":56,"column":2},"end":{"line":58,"column":3}},"15":{"start":{"line":57,"column":4},"end":{"line":57,"column":17}},"16":{"start":{"line":60,"column":2},"end":{"line":66,"column":3}},"17":{"start":{"line":61,"column":4},"end":{"line":65,"column":6}},"18":{"start":{"line":68,"column":24},"end":{"line":68,"column":48}},"19":{"start":{"line":69,"column":16},"end":{"line":69,"column":51}},"20":{"start":{"line":69,"column":44},"end":{"line":69,"column":50}},"21":{"start":{"line":70,"column":19},"end":{"line":74,"column":3}},"22":{"start":{"line":75,"column":2},"end":{"line":79,"column":3}},"23":{"start":{"line":76,"column":4},"end":{"line":78,"column":17}},"24":{"start":{"line":77,"column":6},"end":{"line":77,"column":30}},"25":{"start":{"line":80,"column":2},"end":{"line":80,"column":18}},"26":{"start":{"line":84,"column":2},"end":{"line":93,"column":5}},"27":{"start":{"line":85,"column":4},"end":{"line":92,"column":7}},"28":{"start":{"line":86,"column":6},"end":{"line":91,"column":8}},"29":{"start":{"line":97,"column":2},"end":{"line":101,"column":5}},"30":{"start":{"line":98,"column":4},"end":{"line":100,"column":7}},"31":{"start":{"line":99,"column":6},"end":{"line":99,"column":48}},"32":{"start":{"line":105,"column":2},"end":{"line":105,"column":36}},"33":{"start":{"line":109,"column":18},"end":{"line":109,"column":30}},"34":{"start":{"line":111,"column":2},"end":{"line":117,"column":36}},"35":{"start":{"line":113,"column":6},"end":{"line":115,"column":9}},"36":{"start":{"line":114,"column":8},"end":{"line":114,"column":49}},"37":{"start":{"line":117,"column":22},"end":{"line":117,"column":34}},"38":{"start":{"line":121,"column":2},"end":{"line":128,"column":5}},"39":{"start":{"line":122,"column":4},"end":{"line":127,"column":7}},"40":{"start":{"line":123,"column":6},"end":{"line":125,"column":7}},"41":{"start":{"line":124,"column":8},"end":{"line":124,"column":23}},"42":{"start":{"line":126,"column":6},"end":{"line":126,"column":18}}},"fnMap":{"0":{"name":"createBoard","decl":{"start":{"line":9,"column":16},"end":{"line":9,"column":27}},"loc":{"start":{"line":9,"column":54},"end":{"line":20,"column":1}},"line":9},"1":{"name":"(anonymous_1)","decl":{"start":{"line":10,"column":15},"end":{"line":10,"column":16}},"loc":{"start":{"line":10,"column":22},"end":{"line":19,"column":3}},"line":10},"2":{"name":"(anonymous_2)","decl":{"start":{"line":11,"column":17},"end":{"line":11,"column":18}},"loc":{"start":{"line":11,"column":24},"end":{"line":18,"column":5}},"line":11},"3":{"name":"markedTilesCount","decl":{"start":{"line":22,"column":16},"end":{"line":22,"column":32}},"loc":{"start":{"line":22,"column":40},"end":{"line":28,"column":1}},"line":22},"4":{"name":"(anonymous_4)","decl":{"start":{"line":23,"column":22},"end":{"line":23,"column":23}},"loc":{"start":{"line":23,"column":38},"end":{"line":27,"column":3}},"line":23},"5":{"name":"(anonymous_5)","decl":{"start":{"line":25,"column":25},"end":{"line":25,"column":26}},"loc":{"start":{"line":25,"column":35},"end":{"line":25,"column":71}},"line":25},"6":{"name":"markTile","decl":{"start":{"line":30,"column":16},"end":{"line":30,"column":24}},"loc":{"start":{"line":30,"column":42},"end":{"line":52,"column":1}},"line":30},"7":{"name":"revealTile","decl":{"start":{"line":54,"column":16},"end":{"line":54,"column":26}},"loc":{"start":{"line":54,"column":44},"end":{"line":81,"column":1}},"line":54},"8":{"name":"(anonymous_8)","decl":{"start":{"line":69,"column":37},"end":{"line":69,"column":38}},"loc":{"start":{"line":69,"column":44},"end":{"line":69,"column":50}},"line":69},"9":{"name":"(anonymous_9)","decl":{"start":{"line":76,"column":32},"end":{"line":76,"column":33}},"loc":{"start":{"line":76,"column":42},"end":{"line":78,"column":5}},"line":76},"10":{"name":"checkWin","decl":{"start":{"line":83,"column":16},"end":{"line":83,"column":24}},"loc":{"start":{"line":83,"column":32},"end":{"line":94,"column":1}},"line":83},"11":{"name":"(anonymous_11)","decl":{"start":{"line":84,"column":21},"end":{"line":84,"column":22}},"loc":{"start":{"line":84,"column":30},"end":{"line":93,"column":3}},"line":84},"12":{"name":"(anonymous_12)","decl":{"start":{"line":85,"column":21},"end":{"line":85,"column":22}},"loc":{"start":{"line":85,"column":31},"end":{"line":92,"column":5}},"line":85},"13":{"name":"checkLose","decl":{"start":{"line":96,"column":16},"end":{"line":96,"column":25}},"loc":{"start":{"line":96,"column":33},"end":{"line":102,"column":1}},"line":96},"14":{"name":"(anonymous_14)","decl":{"start":{"line":97,"column":20},"end":{"line":97,"column":21}},"loc":{"start":{"line":97,"column":29},"end":{"line":101,"column":3}},"line":97},"15":{"name":"(anonymous_15)","decl":{"start":{"line":98,"column":20},"end":{"line":98,"column":21}},"loc":{"start":{"line":98,"column":30},"end":{"line":100,"column":5}},"line":98},"16":{"name":"positionMatch","decl":{"start":{"line":104,"column":16},"end":{"line":104,"column":29}},"loc":{"start":{"line":104,"column":36},"end":{"line":106,"column":1}},"line":104},"17":{"name":"nearbyTiles","decl":{"start":{"line":108,"column":9},"end":{"line":108,"column":20}},"loc":{"start":{"line":108,"column":38},"end":{"line":118,"column":1}},"line":108},"18":{"name":"(anonymous_18)","decl":{"start":{"line":112,"column":13},"end":{"line":112,"column":14}},"loc":{"start":{"line":112,"column":26},"end":{"line":116,"column":5}},"line":112},"19":{"name":"(anonymous_19)","decl":{"start":{"line":113,"column":25},"end":{"line":113,"column":26}},"loc":{"start":{"line":113,"column":38},"end":{"line":115,"column":7}},"line":113},"20":{"name":"(anonymous_20)","decl":{"start":{"line":117,"column":12},"end":{"line":117,"column":13}},"loc":{"start":{"line":117,"column":22},"end":{"line":117,"column":34}},"line":117},"21":{"name":"replaceTile","decl":{"start":{"line":120,"column":9},"end":{"line":120,"column":20}},"loc":{"start":{"line":120,"column":47},"end":{"line":129,"column":1}},"line":120},"22":{"name":"(anonymous_22)","decl":{"start":{"line":121,"column":19},"end":{"line":121,"column":20}},"loc":{"start":{"line":121,"column":31},"end":{"line":128,"column":3}},"line":121},"23":{"name":"(anonymous_23)","decl":{"start":{"line":122,"column":19},"end":{"line":122,"column":20}},"loc":{"start":{"line":122,"column":32},"end":{"line":127,"column":5}},"line":122}},"branchMap":{"0":{"loc":{"start":{"line":32,"column":2},"end":{"line":37,"column":3}},"type":"if","locations":[{"start":{"line":32,"column":2},"end":{"line":37,"column":3}},{"start":{},"end":{}}],"line":32},"1":{"loc":{"start":{"line":33,"column":4},"end":{"line":34,"column":40}},"type":"binary-expr","locations":[{"start":{"line":33,"column":4},"end":{"line":33,"column":40}},{"start":{"line":34,"column":4},"end":{"line":34,"column":40}}],"line":33},"2":{"loc":{"start":{"line":39,"column":2},"end":{"line":51,"column":3}},"type":"if","locations":[{"start":{"line":39,"column":2},"end":{"line":51,"column":3}},{"start":{"line":45,"column":9},"end":{"line":51,"column":3}}],"line":39},"3":{"loc":{"start":{"line":56,"column":2},"end":{"line":58,"column":3}},"type":"if","locations":[{"start":{"line":56,"column":2},"end":{"line":58,"column":3}},{"start":{},"end":{}}],"line":56},"4":{"loc":{"start":{"line":60,"column":2},"end":{"line":66,"column":3}},"type":"if","locations":[{"start":{"line":60,"column":2},"end":{"line":66,"column":3}},{"start":{},"end":{}}],"line":60},"5":{"loc":{"start":{"line":75,"column":2},"end":{"line":79,"column":3}},"type":"if","locations":[{"start":{"line":75,"column":2},"end":{"line":79,"column":3}},{"start":{},"end":{}}],"line":75},"6":{"loc":{"start":{"line":87,"column":8},"end":{"line":90,"column":50}},"type":"binary-expr","locations":[{"start":{"line":87,"column":8},"end":{"line":87,"column":44}},{"start":{"line":88,"column":9},"end":{"line":88,"column":18}},{"start":{"line":89,"column":11},"end":{"line":89,"column":47}},{"start":{"line":90,"column":12},"end":{"line":90,"column":48}}],"line":87},"7":{"loc":{"start":{"line":105,"column":9},"end":{"line":105,"column":35}},"type":"binary-expr","locations":[{"start":{"line":105,"column":9},"end":{"line":105,"column":20}},{"start":{"line":105,"column":24},"end":{"line":105,"column":35}}],"line":105},"8":{"loc":{"start":{"line":123,"column":6},"end":{"line":125,"column":7}},"type":"if","locations":[{"start":{"line":123,"column":6},"end":{"line":125,"column":7}},{"start":{},"end":{}}],"line":123}},"s":{"0":1,"1":1,"2":2,"3":4,"4":2,"5":4,"6":8,"7":4,"8":4,"9":2,"10":2,"11":1,"12":1,"13":27,"14":27,"15":18,"16":9,"17":1,"18":8,"19":8,"20":45,"21":8,"22":8,"23":5,"24":24,"25":3,"26":2,"27":3,"28":6,"29":1,"30":1,"31":1,"32":88,"33":8,"34":8,"35":24,"36":72,"37":72,"38":11,"39":30,"40":84,"41":11,"42":73},"f":{"0":1,"1":2,"2":4,"3":2,"4":4,"5":8,"6":4,"7":27,"8":45,"9":24,"10":2,"11":3,"12":6,"13":1,"14":1,"15":1,"16":88,"17":8,"18":24,"19":72,"20":72,"21":11,"22":30,"23":84},"b":{"0":[2,2],"1":[4,3],"2":[1,1],"3":[18,9],"4":[1,8],"5":[5,3],"6":[6,4,3,1],"7":[88,30],"8":[11,73]},"_coverageSchema":"1a1c01bbd47fc00a2c39e90264f33305004495a9","hash":"0ea19ce36f36c5517cc7a48b553379593b06fbb0"}
}
