TN:
SF:minesweeper.js
FN:10,createBoard
FN:11,(anonymous_1)
FN:12,(anonymous_2)
FN:23,markedTilesCount
FN:24,(anonymous_4)
FN:26,(anonymous_5)
FN:31,markTile
FN:55,replaceTile
FN:56,(anonymous_8)
FN:57,(anonymous_9)
FN:66,revealTile
FN:81,(anonymous_11)
FN:88,(anonymous_12)
FN:95,checkWin
FN:96,(anonymous_14)
FN:97,(anonymous_15)
FN:108,checkLose
FN:109,(anonymous_17)
FN:110,(anonymous_18)
FN:116,positionMatch
FN:120,nearbyTiles
FN:124,(anonymous_21)
FN:125,(anonymous_22)
FN:129,(anonymous_23)
FNF:24
FNH:4
FNDA:1,createBoard
FNDA:5,(anonymous_1)
FNDA:25,(anonymous_2)
FNDA:0,markedTilesCount
FNDA:0,(anonymous_4)
FNDA:0,(anonymous_5)
FNDA:0,markTile
FNDA:0,replaceTile
FNDA:0,(anonymous_8)
FNDA:0,(anonymous_9)
FNDA:0,revealTile
FNDA:0,(anonymous_11)
FNDA:0,(anonymous_12)
FNDA:0,checkWin
FNDA:0,(anonymous_14)
FNDA:0,(anonymous_15)
FNDA:0,checkLose
FNDA:0,(anonymous_17)
FNDA:0,(anonymous_18)
FNDA:72,positionMatch
FNDA:0,nearbyTiles
FNDA:0,(anonymous_21)
FNDA:0,(anonymous_22)
FNDA:0,(anonymous_23)
DA:3,1
DA:11,1
DA:12,5
DA:13,25
DA:24,0
DA:25,0
DA:26,0
DA:32,0
DA:33,0
DA:37,0
DA:40,0
DA:41,0
DA:47,0
DA:56,0
DA:57,0
DA:58,0
DA:59,0
DA:61,0
DA:67,0
DA:68,0
DA:69,0
DA:72,0
DA:73,0
DA:80,0
DA:81,0
DA:82,0
DA:87,0
DA:88,0
DA:89,0
DA:92,0
DA:96,0
DA:97,0
DA:98,0
DA:109,0
DA:110,0
DA:111,0
DA:117,72
DA:121,0
DA:123,0
DA:125,0
DA:126,0
DA:129,0
LF:42
LH:5
BRDA:33,0,0,0
BRDA:33,0,1,0
BRDA:34,1,0,0
BRDA:34,1,1,0
BRDA:40,2,0,0
BRDA:40,2,1,0
BRDA:58,3,0,0
BRDA:58,3,1,0
BRDA:68,4,0,0
BRDA:68,4,1,0
BRDA:72,5,0,0
BRDA:72,5,1,0
BRDA:87,6,0,0
BRDA:87,6,1,0
BRDA:99,7,0,0
BRDA:99,7,1,0
BRDA:99,7,2,0
BRDA:99,7,3,0
BRDA:117,8,0,72
BRDA:117,8,1,15
BRF:20
BRH:2
end_of_record
