TN:
SF:minesweeper.js
FN:9,createBoard
FN:10,(anonymous_1)
FN:11,(anonymous_2)
FN:22,markedTilesCount
FN:23,(anonymous_4)
FN:25,(anonymous_5)
FN:30,markTile
FN:54,revealTile
FN:69,(anonymous_8)
FN:76,(anonymous_9)
FN:83,checkWin
FN:84,(anonymous_11)
FN:85,(anonymous_12)
FN:96,checkLose
FN:97,(anonymous_14)
FN:98,(anonymous_15)
FN:104,positionMatch
FN:108,nearbyTiles
FN:112,(anonymous_18)
FN:113,(anonymous_19)
FN:117,(anonymous_20)
FN:120,replaceTile
FN:121,(anonymous_22)
FN:122,(anonymous_23)
FNF:24
FNH:24
FNDA:1,createBoard
FNDA:2,(anonymous_1)
FNDA:4,(anonymous_2)
FNDA:2,markedTilesCount
FNDA:4,(anonymous_4)
FNDA:8,(anonymous_5)
FNDA:4,markTile
FNDA:27,revealTile
FNDA:45,(anonymous_8)
FNDA:24,(anonymous_9)
FNDA:2,checkWin
FNDA:3,(anonymous_11)
FNDA:6,(anonymous_12)
FNDA:1,checkLose
FNDA:1,(anonymous_14)
FNDA:1,(anonymous_15)
FNDA:88,positionMatch
FNDA:8,nearbyTiles
FNDA:24,(anonymous_18)
FNDA:72,(anonymous_19)
FNDA:72,(anonymous_20)
FNDA:11,replaceTile
FNDA:30,(anonymous_22)
FNDA:84,(anonymous_23)
DA:2,1
DA:10,1
DA:11,2
DA:12,4
DA:23,2
DA:24,4
DA:25,8
DA:31,4
DA:32,4
DA:36,2
DA:39,2
DA:40,1
DA:46,1
DA:55,27
DA:56,27
DA:57,18
DA:60,9
DA:61,1
DA:68,8
DA:69,45
DA:70,8
DA:75,8
DA:76,5
DA:77,24
DA:80,3
DA:84,2
DA:85,3
DA:86,6
DA:97,1
DA:98,1
DA:99,1
DA:105,88
DA:109,8
DA:111,8
DA:113,24
DA:114,72
DA:117,72
DA:121,11
DA:122,30
DA:123,84
DA:124,11
DA:126,73
LF:42
LH:42
BRDA:32,0,0,2
BRDA:32,0,1,2
BRDA:33,1,0,4
BRDA:33,1,1,3
BRDA:39,2,0,1
BRDA:39,2,1,1
BRDA:56,3,0,18
BRDA:56,3,1,9
BRDA:60,4,0,1
BRDA:60,4,1,8
BRDA:75,5,0,5
BRDA:75,5,1,3
BRDA:87,6,0,6
BRDA:87,6,1,4
BRDA:87,6,2,3
BRDA:87,6,3,1
BRDA:105,7,0,88
BRDA:105,7,1,30
BRDA:123,8,0,11
BRDA:123,8,1,73
BRF:20
BRH:20
end_of_record
